# JRE version: OpenJDK Runtime Environment JBR-11.0.11.9-1341.57-dcevm (11.0.11+9) (build 11.0.11+9-b1341.57)
# Java VM: Dynamic Code Evolution 64-Bit Server VM JBR-11.0.11.9-1341.57-dcevm (11.0.11+9-b1341.57, mixed mode, tiered, compressed oops, g1 gc, bsd-amd64)
Heap:
 garbage-first heap   total 200704K, used 153599K [0x00000007c0000000, 0x0000000800000000)
  region size 1024K, 19 young (19456K), 3 survivors (3072K)
 Metaspace       used 38551K, capacity 39134K, committed 39856K, reserved 1085440K
  class space    used 4279K, capacity 4484K, committed 4608K, reserved 1048576K
GC Heap History (20 events):
Event: 2.999 GC heap before
{Heap before GC invocations=19 (full 0):
 garbage-first heap   total 131072K, used 117937K [0x00000007c0000000, 0x0000000800000000)
  region size 1024K, 6 young (6144K), 1 survivors (1024K)
 Metaspace       used 30676K, capacity 31180K, committed 31664K, reserved 1077248K
  class space    used 3392K, capacity 3563K, committed 3584K, reserved 1048576K
}
Event: 3.001 GC heap after
{Heap after GC invocations=20 (full 0):
 garbage-first heap   total 131072K, used 115491K [0x00000007c0000000, 0x0000000800000000)
  region size 1024K, 1 young (1024K), 1 survivors (1024K)
 Metaspace       used 30676K, capacity 31180K, committed 31664K, reserved 1077248K
  class space    used 3392K, capacity 3563K, committed 3584K, reserved 1048576K
}
Event: 3.011 GC heap before
{Heap before GC invocations=20 (full 0):
 garbage-first heap   total 131072K, used 116515K [0x00000007c0000000, 0x0000000800000000)
  region size 1024K, 3 young (3072K), 1 survivors (1024K)
 Metaspace       used 30676K, capacity 31180K, committed 31664K, reserved 1077248K
  class space    used 3392K, capacity 3563K, committed 3584K, reserved 1048576K
}
Event: 3.012 GC heap after
{Heap after GC invocations=21 (full 0):
 garbage-first heap   total 131072K, used 116735K [0x00000007c0000000, 0x0000000800000000)
  region size 1024K, 1 young (1024K), 1 survivors (1024K)
 Metaspace       used 30676K, capacity 31180K, committed 31664K, reserved 1077248K
  class space    used 3392K, capacity 3563K, committed 3584K, reserved 1048576K
}
Event: 3.092 GC heap before
{Heap before GC invocations=22 (full 0):
 garbage-first heap   total 131072K, used 124927K [0x00000007c0000000, 0x0000000800000000)
  region size 1024K, 6 young (6144K), 1 survivors (1024K)
 Metaspace       used 30679K, capacity 31180K, committed 31664K, reserved 1077248K
  class space    used 3392K, capacity 3563K, committed 3584K, reserved 1048576K
}
Event: 3.094 GC heap after
{Heap after GC invocations=23 (full 0):
 garbage-first heap   total 131072K, used 121112K [0x00000007c0000000, 0x0000000800000000)
  region size 1024K, 1 young (1024K), 1 survivors (1024K)
 Metaspace       used 30679K, capacity 31180K, committed 31664K, reserved 1077248K
  class space    used 3392K, capacity 3563K, committed 3584K, reserved 1048576K
}
Event: 3.132 GC heap before
{Heap before GC invocations=23 (full 0):
 garbage-first heap   total 131072K, used 126232K [0x00000007c0000000, 0x0000000800000000)
  region size 1024K, 6 young (6144K), 1 survivors (1024K)
 Metaspace       used 30681K, capacity 31180K, committed 31664K, reserved 1077248K
  class space    used 3392K, capacity 3563K, committed 3584K, reserved 1048576K
}
Event: 3.134 GC heap after
{Heap after GC invocations=24 (full 0):
 garbage-first heap   total 131072K, used 123556K [0x00000007c0000000, 0x0000000800000000)
  region size 1024K, 1 young (1024K), 1 survivors (1024K)
 Metaspace       used 30681K, capacity 31180K, committed 31664K, reserved 1077248K
  class space    used 3392K, capacity 3563K, committed 3584K, reserved 1048576K
}
Event: 3.253 GC heap before
{Heap before GC invocations=25 (full 0):
 garbage-first heap   total 131072K, used 127652K [0x00000007c0000000, 0x0000000800000000)
  region size 1024K, 6 young (6144K), 1 survivors (1024K)
 Metaspace       used 30681K, capacity 31180K, committed 31664K, reserved 1077248K
  class space    used 3392K, capacity 3563K, committed 3584K, reserved 1048576K
}
Event: 3.255 GC heap after
{Heap after GC invocations=26 (full 0):
 garbage-first heap   total 132096K, used 125685K [0x00000007c0000000, 0x0000000800000000)
  region size 1024K, 1 young (1024K), 1 survivors (1024K)
 Metaspace       used 30681K, capacity 31180K, committed 31664K, reserved 1077248K
  class space    used 3392K, capacity 3563K, committed 3584K, reserved 1048576K
}
Event: 3.442 GC heap before
{Heap before GC invocations=27 (full 0):
 garbage-first heap   total 140288K, used 138997K [0x00000007c0000000, 0x0000000800000000)
  region size 1024K, 6 young (6144K), 1 survivors (1024K)
 Metaspace       used 32106K, capacity 32594K, committed 33200K, reserved 1079296K
  class space    used 3577K, capacity 3757K, committed 3840K, reserved 1048576K
}
Event: 3.444 GC heap after
{Heap after GC invocations=28 (full 0):
 garbage-first heap   total 200704K, used 126570K [0x00000007c0000000, 0x0000000800000000)
  region size 1024K, 1 young (1024K), 1 survivors (1024K)
 Metaspace       used 32106K, capacity 32594K, committed 33200K, reserved 1079296K
  class space    used 3577K, capacity 3757K, committed 3840K, reserved 1048576K
}
Event: 3.845 GC heap before
{Heap before GC invocations=28 (full 0):
 garbage-first heap   total 200704K, used 142954K [0x00000007c0000000, 0x0000000800000000)
  region size 1024K, 18 young (18432K), 1 survivors (1024K)
 Metaspace       used 33288K, capacity 33842K, committed 34608K, reserved 1079296K
  class space    used 3662K, capacity 3853K, committed 3968K, reserved 1048576K
}
Event: 3.851 GC heap after
{Heap after GC invocations=29 (full 0):
 garbage-first heap   total 200704K, used 135293K [0x00000007c0000000, 0x0000000800000000)
  region size 1024K, 3 young (3072K), 3 survivors (3072K)
 Metaspace       used 33288K, capacity 33842K, committed 34608K, reserved 1079296K
  class space    used 3662K, capacity 3853K, committed 3968K, reserved 1048576K
}
Event: 4.084 GC heap before
{Heap before GC invocations=30 (full 0):
 garbage-first heap   total 200704K, used 121981K [0x00000007c0000000, 0x0000000800000000)
  region size 1024K, 18 young (18432K), 3 survivors (3072K)
 Metaspace       used 33519K, capacity 34034K, committed 34608K, reserved 1079296K
  class space    used 3677K, capacity 3853K, committed 3968K, reserved 1048576K
}
Event: 4.090 GC heap after
{Heap after GC invocations=31 (full 0):
 garbage-first heap   total 200704K, used 115676K [0x00000007c0000000, 0x0000000800000000)
  region size 1024K, 3 young (3072K), 3 survivors (3072K)
 Metaspace       used 33519K, capacity 34034K, committed 34608K, reserved 1079296K
  class space    used 3677K, capacity 3853K, committed 3968K, reserved 1048576K
}
Event: 4.232 GC heap before
{Heap before GC invocations=31 (full 0):
 garbage-first heap   total 200704K, used 138204K [0x00000007c0000000, 0x0000000800000000)
  region size 1024K, 25 young (25600K), 3 survivors (3072K)
 Metaspace       used 33645K, capacity 34197K, committed 34864K, reserved 1081344K
  class space    used 3686K, capacity 3885K, committed 3968K, reserved 1048576K
}
Event: 4.240 GC heap after
{Heap after GC invocations=32 (full 0):
 garbage-first heap   total 200704K, used 129416K [0x00000007c0000000, 0x0000000800000000)
  region size 1024K, 4 young (4096K), 4 survivors (4096K)
 Metaspace       used 33645K, capacity 34197K, committed 34864K, reserved 1081344K
  class space    used 3686K, capacity 3885K, committed 3968K, reserved 1048576K
}
Event: 4.601 GC heap before
{Heap before GC invocations=33 (full 0):
 garbage-first heap   total 200704K, used 147848K [0x00000007c0000000, 0x0000000800000000)
  region size 1024K, 22 young (22528K), 4 survivors (4096K)
 Metaspace       used 35010K, capacity 35595K, committed 36272K, reserved 1081344K
  class space    used 3851K, capacity 4052K, committed 4096K, reserved 1048576K
}
Event: 4.608 GC heap after
{Heap after GC invocations=34 (full 0):
 garbage-first heap   total 200704K, used 138239K [0x00000007c0000000, 0x0000000800000000)
  region size 1024K, 3 young (3072K), 3 survivors (3072K)
 Metaspace       used 35010K, capacity 35595K, committed 36272K, reserved 1081344K
  class space    used 3851K, capacity 4052K, committed 4096K, reserved 1048576K
}

