# JRE version: OpenJDK Runtime Environment JBR-11.0.11.9-1341.57-dcevm (11.0.11+9) (build 11.0.11+9-b1341.57)
# Java VM: Dynamic Code Evolution 64-Bit Server VM JBR-11.0.11.9-1341.57-dcevm (11.0.11+9-b1341.57, mixed mode, tiered, compressed oops, g1 gc, bsd-amd64)
Heap:
 garbage-first heap   total 198656K, used 144896K [0x00000007c0000000, 0x0000000800000000)
  region size 1024K, 10 young (10240K), 3 survivors (3072K)
 Metaspace       used 38301K, capacity 38811K, committed 39728K, reserved 1085440K
  class space    used 4233K, capacity 4419K, committed 4480K, reserved 1048576K
GC Heap History (20 events):
Event: 3.063 GC heap before
{Heap before GC invocations=18 (full 0):
 garbage-first heap   total 131072K, used 120113K [0x00000007c0000000, 0x0000000800000000)
  region size 1024K, 6 young (6144K), 1 survivors (1024K)
 Metaspace       used 30446K, capacity 30857K, committed 31408K, reserved 1077248K
  class space    used 3342K, capacity 3498K, committed 3584K, reserved 1048576K
}
Event: 3.065 GC heap after
{Heap after GC invocations=19 (full 0):
 garbage-first heap   total 131072K, used 117698K [0x00000007c0000000, 0x0000000800000000)
  region size 1024K, 1 young (1024K), 1 survivors (1024K)
 Metaspace       used 30446K, capacity 30857K, committed 31408K, reserved 1077248K
  class space    used 3342K, capacity 3498K, committed 3584K, reserved 1048576K
}
Event: 3.141 GC heap before
{Heap before GC invocations=20 (full 0):
 garbage-first heap   total 131072K, used 124866K [0x00000007c0000000, 0x0000000800000000)
  region size 1024K, 6 young (6144K), 1 survivors (1024K)
 Metaspace       used 30450K, capacity 30857K, committed 31408K, reserved 1077248K
  class space    used 3342K, capacity 3498K, committed 3584K, reserved 1048576K
}
Event: 3.143 GC heap after
{Heap after GC invocations=21 (full 0):
 garbage-first heap   total 131072K, used 121206K [0x00000007c0000000, 0x0000000800000000)
  region size 1024K, 1 young (1024K), 1 survivors (1024K)
 Metaspace       used 30450K, capacity 30857K, committed 31408K, reserved 1077248K
  class space    used 3342K, capacity 3498K, committed 3584K, reserved 1048576K
}
Event: 3.183 GC heap before
{Heap before GC invocations=21 (full 0):
 garbage-first heap   total 131072K, used 126326K [0x00000007c0000000, 0x0000000800000000)
  region size 1024K, 6 young (6144K), 1 survivors (1024K)
 Metaspace       used 30455K, capacity 30857K, committed 31408K, reserved 1077248K
  class space    used 3342K, capacity 3498K, committed 3584K, reserved 1048576K
}
Event: 3.186 GC heap after
{Heap after GC invocations=22 (full 0):
 garbage-first heap   total 131072K, used 123710K [0x00000007c0000000, 0x0000000800000000)
  region size 1024K, 1 young (1024K), 1 survivors (1024K)
 Metaspace       used 30455K, capacity 30857K, committed 31408K, reserved 1077248K
  class space    used 3342K, capacity 3498K, committed 3584K, reserved 1048576K
}
Event: 3.307 GC heap before
{Heap before GC invocations=23 (full 0):
 garbage-first heap   total 131072K, used 125758K [0x00000007c0000000, 0x0000000800000000)
  region size 1024K, 4 young (4096K), 1 survivors (1024K)
 Metaspace       used 30455K, capacity 30857K, committed 31408K, reserved 1077248K
  class space    used 3342K, capacity 3498K, committed 3584K, reserved 1048576K
}
Event: 3.309 GC heap after
{Heap after GC invocations=24 (full 0):
 garbage-first heap   total 131072K, used 125270K [0x00000007c0000000, 0x0000000800000000)
  region size 1024K, 1 young (1024K), 1 survivors (1024K)
 Metaspace       used 30455K, capacity 30857K, committed 31408K, reserved 1077248K
  class space    used 3342K, capacity 3498K, committed 3584K, reserved 1048576K
}
Event: 3.494 GC heap before
{Heap before GC invocations=25 (full 0):
 garbage-first heap   total 139264K, used 138582K [0x00000007c0000000, 0x0000000800000000)
  region size 1024K, 6 young (6144K), 1 survivors (1024K)
 Metaspace       used 31891K, capacity 32335K, committed 33072K, reserved 1079296K
  class space    used 3526K, capacity 3692K, committed 3712K, reserved 1048576K
}
Event: 3.496 GC heap after
{Heap after GC invocations=26 (full 0):
 garbage-first heap   total 141312K, used 126172K [0x00000007c0000000, 0x0000000800000000)
  region size 1024K, 1 young (1024K), 1 survivors (1024K)
 Metaspace       used 31891K, capacity 32335K, committed 33072K, reserved 1079296K
  class space    used 3526K, capacity 3692K, committed 3712K, reserved 1048576K
}
Event: 3.698 GC heap before
{Heap before GC invocations=26 (full 0):
 garbage-first heap   total 141312K, used 131292K [0x00000007c0000000, 0x0000000800000000)
  region size 1024K, 6 young (6144K), 1 survivors (1024K)
 Metaspace       used 32572K, capacity 33007K, committed 33712K, reserved 1079296K
  class space    used 3569K, capacity 3724K, committed 3840K, reserved 1048576K
}
Event: 3.701 GC heap after
{Heap after GC invocations=27 (full 0):
 garbage-first heap   total 198656K, used 128282K [0x00000007c0000000, 0x0000000800000000)
  region size 1024K, 1 young (1024K), 1 survivors (1024K)
 Metaspace       used 32572K, capacity 33007K, committed 33712K, reserved 1079296K
  class space    used 3569K, capacity 3724K, committed 3840K, reserved 1048576K
}
Event: 3.962 GC heap before
{Heap before GC invocations=28 (full 0):
 garbage-first heap   total 198656K, used 117018K [0x00000007c0000000, 0x0000000800000000)
  region size 1024K, 18 young (18432K), 1 survivors (1024K)
 Metaspace       used 33112K, capacity 33551K, committed 34224K, reserved 1079296K
  class space    used 3612K, capacity 3756K, committed 3840K, reserved 1048576K
}
Event: 3.967 GC heap after
{Heap after GC invocations=29 (full 0):
 garbage-first heap   total 198656K, used 109388K [0x00000007c0000000, 0x0000000800000000)
  region size 1024K, 3 young (3072K), 3 survivors (3072K)
 Metaspace       used 33112K, capacity 33551K, committed 34224K, reserved 1079296K
  class space    used 3612K, capacity 3756K, committed 3840K, reserved 1048576K
}
Event: 4.157 GC heap before
{Heap before GC invocations=29 (full 0):
 garbage-first heap   total 198656K, used 132940K [0x00000007c0000000, 0x0000000800000000)
  region size 1024K, 26 young (26624K), 3 survivors (3072K)
 Metaspace       used 33399K, capacity 33842K, committed 34480K, reserved 1079296K
  class space    used 3633K, capacity 3788K, committed 3840K, reserved 1048576K
}
Event: 4.167 GC heap after
{Heap after GC invocations=30 (full 0):
 garbage-first heap   total 198656K, used 122880K [0x00000007c0000000, 0x0000000800000000)
  region size 1024K, 4 young (4096K), 4 survivors (4096K)
 Metaspace       used 33399K, capacity 33842K, committed 34480K, reserved 1079296K
  class space    used 3633K, capacity 3788K, committed 3840K, reserved 1048576K
}
Event: 4.457 GC heap before
{Heap before GC invocations=31 (full 0):
 garbage-first heap   total 198656K, used 143360K [0x00000007c0000000, 0x0000000800000000)
  region size 1024K, 24 young (24576K), 4 survivors (4096K)
 Metaspace       used 33585K, capacity 34002K, committed 34736K, reserved 1081344K
  class space    used 3652K, capacity 3820K, committed 3840K, reserved 1048576K
}
Event: 4.463 GC heap after
{Heap after GC invocations=32 (full 0):
 garbage-first heap   total 198656K, used 134656K [0x00000007c0000000, 0x0000000800000000)
  region size 1024K, 3 young (3072K), 3 survivors (3072K)
 Metaspace       used 33585K, capacity 34002K, committed 34736K, reserved 1081344K
  class space    used 3652K, capacity 3820K, committed 3840K, reserved 1048576K
}
Event: 4.921 GC heap before
{Heap before GC invocations=32 (full 0):
 garbage-first heap   total 198656K, used 151040K [0x00000007c0000000, 0x0000000800000000)
  region size 1024K, 19 young (19456K), 3 survivors (3072K)
 Metaspace       used 37224K, capacity 37717K, committed 38576K, reserved 1083392K
  class space    used 4102K, capacity 4289K, committed 4352K, reserved 1048576K
}
Event: 4.940 GC heap after
{Heap after GC invocations=33 (full 0):
 garbage-first heap   total 198656K, used 138752K [0x00000007c0000000, 0x0000000800000000)
  region size 1024K, 3 young (3072K), 3 survivors (3072K)
 Metaspace       used 37224K, capacity 37717K, committed 38576K, reserved 1083392K
  class space    used 4102K, capacity 4289K, committed 4352K, reserved 1048576K
}

