# JRE version: OpenJDK Runtime Environment JBR-11.0.11.9-1341.57-dcevm (11.0.11+9) (build 11.0.11+9-b1341.57)
# Java VM: Dynamic Code Evolution 64-Bit Server VM JBR-11.0.11.9-1341.57-dcevm (11.0.11+9-b1341.57, mixed mode, tiered, compressed oops, g1 gc, bsd-amd64)
Heap:
 garbage-first heap   total 212992K, used 147230K [0x00000007c0000000, 0x0000000800000000)
  region size 1024K, 12 young (12288K), 2 survivors (2048K)
 Metaspace       used 38537K, capacity 39070K, committed 39856K, reserved 1085440K
  class space    used 4279K, capacity 4484K, committed 4608K, reserved 1048576K
GC Heap History (20 events):
Event: 3.209 GC heap before
{Heap before GC invocations=20 (full 0):
 garbage-first heap   total 140288K, used 125666K [0x00000007c0000000, 0x0000000800000000)
  region size 1024K, 6 young (6144K), 1 survivors (1024K)
 Metaspace       used 30670K, capacity 31180K, committed 31664K, reserved 1077248K
  class space    used 3392K, capacity 3563K, committed 3584K, reserved 1048576K
}
Event: 3.211 GC heap after
{Heap after GC invocations=21 (full 0):
 garbage-first heap   total 140288K, used 122991K [0x00000007c0000000, 0x0000000800000000)
  region size 1024K, 1 young (1024K), 1 survivors (1024K)
 Metaspace       used 30670K, capacity 31180K, committed 31664K, reserved 1077248K
  class space    used 3392K, capacity 3563K, committed 3584K, reserved 1048576K
}
Event: 3.343 GC heap before
{Heap before GC invocations=22 (full 0):
 garbage-first heap   total 140288K, used 127087K [0x00000007c0000000, 0x0000000800000000)
  region size 1024K, 6 young (6144K), 1 survivors (1024K)
 Metaspace       used 30670K, capacity 31180K, committed 31664K, reserved 1077248K
  class space    used 3392K, capacity 3563K, committed 3584K, reserved 1048576K
}
Event: 3.345 GC heap after
{Heap after GC invocations=23 (full 0):
 garbage-first heap   total 140288K, used 125145K [0x00000007c0000000, 0x0000000800000000)
  region size 1024K, 1 young (1024K), 1 survivors (1024K)
 Metaspace       used 30670K, capacity 31180K, committed 31664K, reserved 1077248K
  class space    used 3392K, capacity 3563K, committed 3584K, reserved 1048576K
}
Event: 3.522 GC heap before
{Heap before GC invocations=24 (full 0):
 garbage-first heap   total 140288K, used 138457K [0x00000007c0000000, 0x0000000800000000)
  region size 1024K, 6 young (6144K), 1 survivors (1024K)
 Metaspace       used 32109K, capacity 32658K, committed 33200K, reserved 1079296K
  class space    used 3577K, capacity 3757K, committed 3840K, reserved 1048576K
}
Event: 3.524 GC heap after
{Heap after GC invocations=25 (full 0):
 garbage-first heap   total 141312K, used 126035K [0x00000007c0000000, 0x0000000800000000)
  region size 1024K, 1 young (1024K), 1 survivors (1024K)
 Metaspace       used 32109K, capacity 32658K, committed 33200K, reserved 1079296K
  class space    used 3577K, capacity 3757K, committed 3840K, reserved 1048576K
}
Event: 3.724 GC heap before
{Heap before GC invocations=25 (full 0):
 garbage-first heap   total 141312K, used 131155K [0x00000007c0000000, 0x0000000800000000)
  region size 1024K, 6 young (6144K), 1 survivors (1024K)
 Metaspace       used 32779K, capacity 33330K, committed 33712K, reserved 1079296K
  class space    used 3618K, capacity 3789K, committed 3840K, reserved 1048576K
}
Event: 3.726 GC heap after
{Heap after GC invocations=26 (full 0):
 garbage-first heap   total 141312K, used 128126K [0x00000007c0000000, 0x0000000800000000)
  region size 1024K, 1 young (1024K), 1 survivors (1024K)
 Metaspace       used 32779K, capacity 33330K, committed 33712K, reserved 1079296K
  class space    used 3618K, capacity 3789K, committed 3840K, reserved 1048576K
}
Event: 3.851 GC heap before
{Heap before GC invocations=27 (full 0):
 garbage-first heap   total 141312K, used 103550K [0x00000007c0000000, 0x0000000800000000)
  region size 1024K, 6 young (6144K), 1 survivors (1024K)
 Metaspace       used 33018K, capacity 33554K, committed 33968K, reserved 1079296K
  class space    used 3641K, capacity 3821K, committed 3840K, reserved 1048576K
}
Event: 3.854 GC heap after
{Heap after GC invocations=28 (full 0):
 garbage-first heap   total 177152K, used 102244K [0x00000007c0000000, 0x0000000800000000)
  region size 1024K, 1 young (1024K), 1 survivors (1024K)
 Metaspace       used 33018K, capacity 33554K, committed 33968K, reserved 1079296K
  class space    used 3641K, capacity 3821K, committed 3840K, reserved 1048576K
}
Event: 4.051 GC heap before
{Heap before GC invocations=28 (full 0):
 garbage-first heap   total 177152K, used 122724K [0x00000007c0000000, 0x0000000800000000)
  region size 1024K, 21 young (21504K), 1 survivors (1024K)
 Metaspace       used 33486K, capacity 34034K, committed 34608K, reserved 1079296K
  class space    used 3676K, capacity 3853K, committed 3968K, reserved 1048576K
}
Event: 4.057 GC heap after
{Heap after GC invocations=29 (full 0):
 garbage-first heap   total 177152K, used 114127K [0x00000007c0000000, 0x0000000800000000)
  region size 1024K, 3 young (3072K), 3 survivors (3072K)
 Metaspace       used 33486K, capacity 34034K, committed 34608K, reserved 1079296K
  class space    used 3676K, capacity 3853K, committed 3968K, reserved 1048576K
}
Event: 4.228 GC heap before
{Heap before GC invocations=30 (full 0):
 garbage-first heap   total 177152K, used 130511K [0x00000007c0000000, 0x0000000800000000)
  region size 1024K, 19 young (19456K), 3 survivors (3072K)
 Metaspace       used 33607K, capacity 34101K, committed 34608K, reserved 1079296K
  class space    used 3683K, capacity 3853K, committed 3968K, reserved 1048576K
}
Event: 4.234 GC heap after
{Heap after GC invocations=31 (full 0):
 garbage-first heap   total 177152K, used 123904K [0x00000007c0000000, 0x0000000800000000)
  region size 1024K, 3 young (3072K), 3 survivors (3072K)
 Metaspace       used 33607K, capacity 34101K, committed 34608K, reserved 1079296K
  class space    used 3683K, capacity 3853K, committed 3968K, reserved 1048576K
}
Event: 4.334 GC heap before
{Heap before GC invocations=31 (full 0):
 garbage-first heap   total 177152K, used 137216K [0x00000007c0000000, 0x0000000800000000)
  region size 1024K, 16 young (16384K), 3 survivors (3072K)
 Metaspace       used 33742K, capacity 34261K, committed 34864K, reserved 1081344K
  class space    used 3696K, capacity 3885K, committed 3968K, reserved 1048576K
}
Event: 4.339 GC heap after
{Heap after GC invocations=32 (full 0):
 garbage-first heap   total 177152K, used 131514K [0x00000007c0000000, 0x0000000800000000)
  region size 1024K, 2 young (2048K), 2 survivors (2048K)
 Metaspace       used 33742K, capacity 34261K, committed 34864K, reserved 1081344K
  class space    used 3696K, capacity 3885K, committed 3968K, reserved 1048576K
}
Event: 4.576 GC heap before
{Heap before GC invocations=33 (full 0):
 garbage-first heap   total 177152K, used 141754K [0x00000007c0000000, 0x0000000800000000)
  region size 1024K, 12 young (12288K), 2 survivors (2048K)
 Metaspace       used 34383K, capacity 34906K, committed 35376K, reserved 1081344K
  class space    used 3764K, capacity 3950K, committed 3968K, reserved 1048576K
}
Event: 4.580 GC heap after
{Heap after GC invocations=34 (full 0):
 garbage-first heap   total 177152K, used 136595K [0x00000007c0000000, 0x0000000800000000)
  region size 1024K, 2 young (2048K), 2 survivors (2048K)
 Metaspace       used 34383K, capacity 34906K, committed 35376K, reserved 1081344K
  class space    used 3764K, capacity 3950K, committed 3968K, reserved 1048576K
}
Event: 4.810 GC heap before
{Heap before GC invocations=34 (full 0):
 garbage-first heap   total 177152K, used 145811K [0x00000007c0000000, 0x0000000800000000)
  region size 1024K, 11 young (11264K), 2 survivors (2048K)
 Metaspace       used 36558K, capacity 37071K, committed 37680K, reserved 1083392K
  class space    used 4040K, capacity 4224K, committed 4224K, reserved 1048576K
}
Event: 4.818 GC heap after
{Heap after GC invocations=35 (full 0):
 garbage-first heap   total 212992K, used 139038K [0x00000007c0000000, 0x0000000800000000)
  region size 1024K, 2 young (2048K), 2 survivors (2048K)
 Metaspace       used 36558K, capacity 37071K, committed 37680K, reserved 1083392K
  class space    used 4040K, capacity 4224K, committed 4224K, reserved 1048576K
}

