# JRE version: OpenJDK Runtime Environment JBR-11.0.11.9-1341.57-dcevm (11.0.11+9) (build 11.0.11+9-b1341.57)
# Java VM: Dynamic Code Evolution 64-Bit Server VM JBR-11.0.11.9-1341.57-dcevm (11.0.11+9-b1341.57, mixed mode, tiered, compressed oops, g1 gc, bsd-amd64)
Heap:
 garbage-first heap   total 208896K, used 144843K [0x00000007c0000000, 0x0000000800000000)
  region size 1024K, 9 young (9216K), 1 survivors (1024K)
 Metaspace       used 38303K, capacity 38747K, committed 39472K, reserved 1085440K
  class space    used 4233K, capacity 4419K, committed 4480K, reserved 1048576K
GC Heap History (20 events):
Event: 2.948 GC heap before
{Heap before GC invocations=16 (full 0):
 garbage-first heap   total 144384K, used 125809K [0x00000007c0000000, 0x0000000800000000)
  region size 1024K, 7 young (7168K), 1 survivors (1024K)
 Metaspace       used 30432K, capacity 30857K, committed 31408K, reserved 1077248K
  class space    used 3342K, capacity 3498K, committed 3584K, reserved 1048576K
}
Event: 2.951 GC heap after
{Heap after GC invocations=17 (full 0):
 garbage-first heap   total 144384K, used 122589K [0x00000007c0000000, 0x0000000800000000)
  region size 1024K, 1 young (1024K), 1 survivors (1024K)
 Metaspace       used 30432K, capacity 30857K, committed 31408K, reserved 1077248K
  class space    used 3342K, capacity 3498K, committed 3584K, reserved 1048576K
}
Event: 3.072 GC heap before
{Heap before GC invocations=18 (full 0):
 garbage-first heap   total 144384K, used 124637K [0x00000007c0000000, 0x0000000800000000)
  region size 1024K, 4 young (4096K), 1 survivors (1024K)
 Metaspace       used 30432K, capacity 30857K, committed 31408K, reserved 1077248K
  class space    used 3342K, capacity 3498K, committed 3584K, reserved 1048576K
}
Event: 3.074 GC heap after
{Heap after GC invocations=19 (full 0):
 garbage-first heap   total 144384K, used 124182K [0x00000007c0000000, 0x0000000800000000)
  region size 1024K, 1 young (1024K), 1 survivors (1024K)
 Metaspace       used 30432K, capacity 30857K, committed 31408K, reserved 1077248K
  class space    used 3342K, capacity 3498K, committed 3584K, reserved 1048576K
}
Event: 3.284 GC heap before
{Heap before GC invocations=20 (full 0):
 garbage-first heap   total 144384K, used 137494K [0x00000007c0000000, 0x0000000800000000)
  region size 1024K, 7 young (7168K), 1 survivors (1024K)
 Metaspace       used 32088K, capacity 32495K, committed 33200K, reserved 1079296K
  class space    used 3551K, capacity 3724K, committed 3840K, reserved 1048576K
}
Event: 3.285 GC heap after
{Heap after GC invocations=21 (full 0):
 garbage-first heap   total 144384K, used 125252K [0x00000007c0000000, 0x0000000800000000)
  region size 1024K, 1 young (1024K), 1 survivors (1024K)
 Metaspace       used 32088K, capacity 32495K, committed 33200K, reserved 1079296K
  class space    used 3551K, capacity 3724K, committed 3840K, reserved 1048576K
}
Event: 3.479 GC heap before
{Heap before GC invocations=21 (full 0):
 garbage-first heap   total 144384K, used 131396K [0x00000007c0000000, 0x0000000800000000)
  region size 1024K, 7 young (7168K), 1 survivors (1024K)
 Metaspace       used 32678K, capacity 33167K, committed 33712K, reserved 1079296K
  class space    used 3582K, capacity 3756K, committed 3840K, reserved 1048576K
}
Event: 3.481 GC heap after
{Heap after GC invocations=22 (full 0):
 garbage-first heap   total 174080K, used 128178K [0x00000007c0000000, 0x0000000800000000)
  region size 1024K, 1 young (1024K), 1 survivors (1024K)
 Metaspace       used 32678K, capacity 33167K, committed 33712K, reserved 1079296K
  class space    used 3582K, capacity 3756K, committed 3840K, reserved 1048576K
}
Event: 3.649 GC heap before
{Heap before GC invocations=23 (full 0):
 garbage-first heap   total 174080K, used 109746K [0x00000007c0000000, 0x0000000800000000)
  region size 1024K, 11 young (11264K), 1 survivors (1024K)
 Metaspace       used 33047K, capacity 33487K, committed 33968K, reserved 1079296K
  class space    used 3612K, capacity 3756K, committed 3840K, reserved 1048576K
}
Event: 3.653 GC heap after
{Heap after GC invocations=24 (full 0):
 garbage-first heap   total 174080K, used 105356K [0x00000007c0000000, 0x0000000800000000)
  region size 1024K, 2 young (2048K), 2 survivors (2048K)
 Metaspace       used 33047K, capacity 33487K, committed 33968K, reserved 1079296K
  class space    used 3612K, capacity 3756K, committed 3840K, reserved 1048576K
}
Event: 3.851 GC heap before
{Heap before GC invocations=24 (full 0):
 garbage-first heap   total 174080K, used 123788K [0x00000007c0000000, 0x0000000800000000)
  region size 1024K, 20 young (20480K), 2 survivors (2048K)
 Metaspace       used 33287K, capacity 33711K, committed 34224K, reserved 1079296K
  class space    used 3628K, capacity 3788K, committed 3840K, reserved 1048576K
}
Event: 3.857 GC heap after
{Heap after GC invocations=25 (full 0):
 garbage-first heap   total 174080K, used 116307K [0x00000007c0000000, 0x0000000800000000)
  region size 1024K, 3 young (3072K), 3 survivors (3072K)
 Metaspace       used 33287K, capacity 33711K, committed 34224K, reserved 1079296K
  class space    used 3628K, capacity 3788K, committed 3840K, reserved 1048576K
}
Event: 4.006 GC heap before
{Heap before GC invocations=26 (full 0):
 garbage-first heap   total 174080K, used 131667K [0x00000007c0000000, 0x0000000800000000)
  region size 1024K, 18 young (18432K), 3 survivors (3072K)
 Metaspace       used 33386K, capacity 33842K, committed 34480K, reserved 1079296K
  class space    used 3633K, capacity 3788K, committed 3840K, reserved 1048576K
}
Event: 4.011 GC heap after
{Heap after GC invocations=27 (full 0):
 garbage-first heap   total 174080K, used 125745K [0x00000007c0000000, 0x0000000800000000)
  region size 1024K, 3 young (3072K), 3 survivors (3072K)
 Metaspace       used 33386K, capacity 33842K, committed 34480K, reserved 1079296K
  class space    used 3633K, capacity 3788K, committed 3840K, reserved 1048576K
}
Event: 4.110 GC heap before
{Heap before GC invocations=27 (full 0):
 garbage-first heap   total 174080K, used 138033K [0x00000007c0000000, 0x0000000800000000)
  region size 1024K, 15 young (15360K), 3 survivors (3072K)
 Metaspace       used 33536K, capacity 33938K, committed 34480K, reserved 1079296K
  class space    used 3648K, capacity 3820K, committed 3840K, reserved 1048576K
}
Event: 4.115 GC heap after
{Heap after GC invocations=28 (full 0):
 garbage-first heap   total 174080K, used 132096K [0x00000007c0000000, 0x0000000800000000)
  region size 1024K, 2 young (2048K), 2 survivors (2048K)
 Metaspace       used 33536K, capacity 33938K, committed 34480K, reserved 1079296K
  class space    used 3648K, capacity 3820K, committed 3840K, reserved 1048576K
}
Event: 4.385 GC heap before
{Heap before GC invocations=29 (full 0):
 garbage-first heap   total 174080K, used 142336K [0x00000007c0000000, 0x0000000800000000)
  region size 1024K, 12 young (12288K), 2 survivors (2048K)
 Metaspace       used 34758K, capacity 35240K, committed 35888K, reserved 1081344K
  class space    used 3799K, capacity 3955K, committed 3968K, reserved 1048576K
}
Event: 4.391 GC heap after
{Heap after GC invocations=30 (full 0):
 garbage-first heap   total 174080K, used 136192K [0x00000007c0000000, 0x0000000800000000)
  region size 1024K, 2 young (2048K), 2 survivors (2048K)
 Metaspace       used 34758K, capacity 35240K, committed 35888K, reserved 1081344K
  class space    used 3799K, capacity 3955K, committed 3968K, reserved 1048576K
}
Event: 4.567 GC heap before
{Heap before GC invocations=30 (full 0):
 garbage-first heap   total 174080K, used 144384K [0x00000007c0000000, 0x0000000800000000)
  region size 1024K, 10 young (10240K), 2 survivors (2048K)
 Metaspace       used 36971K, capacity 37429K, committed 38064K, reserved 1083392K
  class space    used 4069K, capacity 4257K, committed 4352K, reserved 1048576K
}
Event: 4.572 GC heap after
{Heap after GC invocations=31 (full 0):
 garbage-first heap   total 208896K, used 137675K [0x00000007c0000000, 0x0000000800000000)
  region size 1024K, 1 young (1024K), 1 survivors (1024K)
 Metaspace       used 36971K, capacity 37429K, committed 38064K, reserved 1083392K
  class space    used 4069K, capacity 4257K, committed 4352K, reserved 1048576K
}

